# JRE version: Java(TM) SE Runtime Environment (8.0_66-b17) (build 1.8.0_66-b17)
# Java VM: Java HotSpot(TM) 64-Bit Server VM (25.66-b17 mixed mode linux-amd64 compressed oops)
Heap:
 PSYoungGen      total 227328K, used 39930K [0x00000000eab00000, 0x0000000100000000, 0x0000000100000000)
  eden space 187392K, 0% used [0x00000000eab00000,0x00000000eab00000,0x00000000f6200000)
  from space 39936K, 99% used [0x00000000fd900000,0x00000000ffffe8f8,0x0000000100000000)
  to   space 80896K, 0% used [0x00000000f6200000,0x00000000f6200000,0x00000000fb100000)
 ParOldGen       total 114688K, used 114284K [0x00000000c0000000, 0x00000000c7000000, 0x00000000eab00000)
  object space 114688K, 99% used [0x00000000c0000000,0x00000000c6f9b3e8,0x00000000c7000000)
 Metaspace       used 6545K, capacity 7320K, committed 7680K, reserved 1056768K
  class space    used 614K, capacity 656K, committed 768K, reserved 1048576K
GC Heap History (10 events):
Event: 0.910 GC heap after
Heap after GC invocations=4 (full 0):
 PSYoungGen      total 168448K, used 6651K [0x00000000eab00000, 0x00000000f5600000, 0x0000000100000000)
  eden space 161792K, 0% used [0x00000000eab00000,0x00000000eab00000,0x00000000f4900000)
  from space 6656K, 99% used [0x00000000f4f80000,0x00000000f55fee58,0x00000000f5600000)
  to   space 6656K, 0% used [0x00000000f4900000,0x00000000f4900000,0x00000000f4f80000)
 ParOldGen       total 108032K, used 25657K [0x00000000c0000000, 0x00000000c6980000, 0x00000000eab00000)
  object space 108032K, 23% used [0x00000000c0000000,0x00000000c190e770,0x00000000c6980000)
 Metaspace       used 6123K, capacity 7088K, committed 7296K, reserved 1056768K
  class space    used 593K, capacity 616K, committed 640K, reserved 1048576K
}
Event: 1.212 GC heap before
{Heap before GC invocations=5 (full 0):
 PSYoungGen      total 168448K, used 168443K [0x00000000eab00000, 0x00000000f5600000, 0x0000000100000000)
  eden space 161792K, 100% used [0x00000000eab00000,0x00000000f4900000,0x00000000f4900000)
  from space 6656K, 99% used [0x00000000f4f80000,0x00000000f55fee58,0x00000000f5600000)
  to   space 6656K, 0% used [0x00000000f4900000,0x00000000f4900000,0x00000000f4f80000)
 ParOldGen       total 108032K, used 25657K [0x00000000c0000000, 0x00000000c6980000, 0x00000000eab00000)
  object space 108032K, 23% used [0x00000000c0000000,0x00000000c190e770,0x00000000c6980000)
 Metaspace       used 6374K, capacity 7256K, committed 7424K, reserved 1056768K
  class space    used 613K, capacity 656K, committed 768K, reserved 1048576K
Event: 1.247 GC heap after
Heap after GC invocations=5 (full 0):
 PSYoungGen      total 168448K, used 6638K [0x00000000eab00000, 0x0000000100000000, 0x0000000100000000)
  eden space 161792K, 0% used [0x00000000eab00000,0x00000000eab00000,0x00000000f4900000)
  from space 6656K, 99% used [0x00000000f4900000,0x00000000f4f7bb38,0x00000000f4f80000)
  to   space 35840K, 0% used [0x00000000fdd00000,0x00000000fdd00000,0x0000000100000000)
 ParOldGen       total 108032K, used 48582K [0x00000000c0000000, 0x00000000c6980000, 0x00000000eab00000)
  object space 108032K, 44% used [0x00000000c0000000,0x00000000c2f71988,0x00000000c6980000)
 Metaspace       used 6374K, capacity 7256K, committed 7424K, reserved 1056768K
  class space    used 613K, capacity 656K, committed 768K, reserved 1048576K
}
Event: 1.480 GC heap before
{Heap before GC invocations=6 (full 0):
 PSYoungGen      total 168448K, used 168430K [0x00000000eab00000, 0x0000000100000000, 0x0000000100000000)
  eden space 161792K, 100% used [0x00000000eab00000,0x00000000f4900000,0x00000000f4900000)
  from space 6656K, 99% used [0x00000000f4900000,0x00000000f4f7bb38,0x00000000f4f80000)
  to   space 35840K, 0% used [0x00000000fdd00000,0x00000000fdd00000,0x0000000100000000)
 ParOldGen       total 108032K, used 48582K [0x00000000c0000000, 0x00000000c6980000, 0x00000000eab00000)
  object space 108032K, 44% used [0x00000000c0000000,0x00000000c2f71988,0x00000000c6980000)
 Metaspace       used 6442K, capacity 7256K, committed 7424K, reserved 1056768K
  class space    used 613K, capacity 656K, committed 768K, reserved 1048576K
Event: 1.515 GC heap after
Heap after GC invocations=6 (full 0):
 PSYoungGen      total 305152K, used 28649K [0x00000000eab00000, 0x0000000100000000, 0x0000000100000000)
  eden space 269312K, 0% used [0x00000000eab00000,0x00000000eab00000,0x00000000fb200000)
  from space 35840K, 79% used [0x00000000fdd00000,0x00000000ff8fa6e8,0x0000000100000000)
  to   space 39936K, 0% used [0x00000000fb200000,0x00000000fb200000,0x00000000fd900000)
 ParOldGen       total 108032K, used 48582K [0x00000000c0000000, 0x00000000c6980000, 0x00000000eab00000)
  object space 108032K, 44% used [0x00000000c0000000,0x00000000c2f71988,0x00000000c6980000)
 Metaspace       used 6442K, capacity 7256K, committed 7424K, reserved 1056768K
  class space    used 613K, capacity 656K, committed 768K, reserved 1048576K
}
Event: 1.901 GC heap before
{Heap before GC invocations=7 (full 0):
 PSYoungGen      total 305152K, used 297961K [0x00000000eab00000, 0x0000000100000000, 0x0000000100000000)
  eden space 269312K, 100% used [0x00000000eab00000,0x00000000fb200000,0x00000000fb200000)
  from space 35840K, 79% used [0x00000000fdd00000,0x00000000ff8fa6e8,0x0000000100000000)
  to   space 39936K, 0% used [0x00000000fb200000,0x00000000fb200000,0x00000000fd900000)
 ParOldGen       total 108032K, used 48582K [0x00000000c0000000, 0x00000000c6980000, 0x00000000eab00000)
  object space 108032K, 44% used [0x00000000c0000000,0x00000000c2f71988,0x00000000c6980000)
 Metaspace       used 6523K, capacity 7320K, committed 7680K, reserved 1056768K
  class space    used 614K, capacity 656K, committed 768K, reserved 1048576K
Event: 1.985 GC heap after
Heap after GC invocations=7 (full 0):
 PSYoungGen      total 309248K, used 39915K [0x00000000eab00000, 0x0000000100000000, 0x0000000100000000)
  eden space 269312K, 0% used [0x00000000eab00000,0x00000000eab00000,0x00000000fb200000)
  from space 39936K, 99% used [0x00000000fb200000,0x00000000fd8faf88,0x00000000fd900000)
  to   space 39936K, 0% used [0x00000000fd900000,0x00000000fd900000,0x0000000100000000)
 ParOldGen       total 108032K, used 73556K [0x00000000c0000000, 0x00000000c6980000, 0x00000000eab00000)
  object space 108032K, 68% used [0x00000000c0000000,0x00000000c47d5028,0x00000000c6980000)
 Metaspace       used 6523K, capacity 7320K, committed 7680K, reserved 1056768K
  class space    used 614K, capacity 656K, committed 768K, reserved 1048576K
}
Event: 2.414 GC heap before
{Heap before GC invocations=8 (full 0):
 PSYoungGen      total 309248K, used 309227K [0x00000000eab00000, 0x0000000100000000, 0x0000000100000000)
  eden space 269312K, 100% used [0x00000000eab00000,0x00000000fb200000,0x00000000fb200000)
  from space 39936K, 99% used [0x00000000fb200000,0x00000000fd8faf88,0x00000000fd900000)
  to   space 39936K, 0% used [0x00000000fd900000,0x00000000fd900000,0x0000000100000000)
 ParOldGen       total 108032K, used 73556K [0x00000000c0000000, 0x00000000c6980000, 0x00000000eab00000)
  object space 108032K, 68% used [0x00000000c0000000,0x00000000c47d5028,0x00000000c6980000)
 Metaspace       used 6545K, capacity 7320K, committed 7680K, reserved 1056768K
  class space    used 614K, capacity 656K, committed 768K, reserved 1048576K
Event: 2.485 GC heap after
Heap after GC invocations=8 (full 0):
 PSYoungGen      total 227328K, used 39930K [0x00000000eab00000, 0x0000000100000000, 0x0000000100000000)
  eden space 187392K, 0% used [0x00000000eab00000,0x00000000eab00000,0x00000000f6200000)
  from space 39936K, 99% used [0x00000000fd900000,0x00000000ffffe8f8,0x0000000100000000)
  to   space 80896K, 0% used [0x00000000f6200000,0x00000000f6200000,0x00000000fb100000)
 ParOldGen       total 114688K, used 114284K [0x00000000c0000000, 0x00000000c7000000, 0x00000000eab00000)
  object space 114688K, 99% used [0x00000000c0000000,0x00000000c6f9b3e8,0x00000000c7000000)
 Metaspace       used 6545K, capacity 7320K, committed 7680K, reserved 1056768K
  class space    used 614K, capacity 656K, committed 768K, reserved 1048576K
}
Event: 2.485 GC heap before
{Heap before GC invocations=9 (full 1):
 PSYoungGen      total 227328K, used 39930K [0x00000000eab00000, 0x0000000100000000, 0x0000000100000000)
  eden space 187392K, 0% used [0x00000000eab00000,0x00000000eab00000,0x00000000f6200000)
  from space 39936K, 99% used [0x00000000fd900000,0x00000000ffffe8f8,0x0000000100000000)
  to   space 80896K, 0% used [0x00000000f6200000,0x00000000f6200000,0x00000000fb100000)
 ParOldGen       total 114688K, used 114284K [0x00000000c0000000, 0x00000000c7000000, 0x00000000eab00000)
  object space 114688K, 99% used [0x00000000c0000000,0x00000000c6f9b3e8,0x00000000c7000000)
 Metaspace       used 6545K, capacity 7320K, committed 7680K, reserved 1056768K
  class space    used 614K, capacity 656K, committed 768K, reserved 1048576K

