# JRE version: Java(TM) SE Runtime Environment (8.0_66-b17) (build 1.8.0_66-b17)
# Java VM: Java HotSpot(TM) 64-Bit Server VM (25.66-b17 mixed mode linux-amd64 compressed oops)
Heap:
 PSYoungGen      total 228352K, used 70514K [0x00000000eab00000, 0x00000000ff680000, 0x0000000100000000)
  eden space 120320K, 25% used [0x00000000eab00000,0x00000000ec9833c0,0x00000000f2080000)
  from space 108032K, 36% used [0x00000000f8d00000,0x00000000fb359568,0x00000000ff680000)
  to   space 109568K, 0% used [0x00000000f2080000,0x00000000f2080000,0x00000000f8b80000)
 ParOldGen       total 553472K, used 440021K [0x00000000c0000000, 0x00000000e1c80000, 0x00000000eab00000)
  object space 553472K, 79% used [0x00000000c0000000,0x00000000dadb5780,0x00000000e1c80000)
 Metaspace       used 6594K, capacity 7320K, committed 7680K, reserved 1056768K
  class space    used 615K, capacity 656K, committed 768K, reserved 1048576K
GC Heap History (10 events):
Event: 8.579 GC heap before
{Heap before GC invocations=27 (full 3):
 PSYoungGen      total 232960K, used 155188K [0x00000000eab00000, 0x0000000100000000, 0x0000000100000000)
  eden space 116736K, 100% used [0x00000000eab00000,0x00000000f1d00000,0x00000000f1d00000)
  from space 116224K, 33% used [0x00000000f1d00000,0x00000000f428d2f0,0x00000000f8e80000)
  to   space 116224K, 0% used [0x00000000f8e80000,0x00000000f8e80000,0x0000000100000000)
 ParOldGen       total 553472K, used 371916K [0x00000000c0000000, 0x00000000e1c80000, 0x00000000eab00000)
  object space 553472K, 67% used [0x00000000c0000000,0x00000000d6b33378,0x00000000e1c80000)
 Metaspace       used 6593K, capacity 7320K, committed 7680K, reserved 1056768K
  class space    used 614K, capacity 656K, committed 768K, reserved 1048576K
Event: 8.671 GC heap after
Heap after GC invocations=27 (full 3):
 PSYoungGen      total 232960K, used 48071K [0x00000000eab00000, 0x0000000100000000, 0x0000000100000000)
  eden space 116736K, 0% used [0x00000000eab00000,0x00000000eab00000,0x00000000f1d00000)
  from space 116224K, 41% used [0x00000000f8e80000,0x00000000fbd71c70,0x0000000100000000)
  to   space 116224K, 0% used [0x00000000f1d00000,0x00000000f1d00000,0x00000000f8e80000)
 ParOldGen       total 553472K, used 382206K [0x00000000c0000000, 0x00000000e1c80000, 0x00000000eab00000)
  object space 553472K, 69% used [0x00000000c0000000,0x00000000d753f9b0,0x00000000e1c80000)
 Metaspace       used 6593K, capacity 7320K, committed 7680K, reserved 1056768K
  class space    used 614K, capacity 656K, committed 768K, reserved 1048576K
}
Event: 8.863 GC heap before
{Heap before GC invocations=28 (full 3):
 PSYoungGen      total 232960K, used 164807K [0x00000000eab00000, 0x0000000100000000, 0x0000000100000000)
  eden space 116736K, 100% used [0x00000000eab00000,0x00000000f1d00000,0x00000000f1d00000)
  from space 116224K, 41% used [0x00000000f8e80000,0x00000000fbd71c70,0x0000000100000000)
  to   space 116224K, 0% used [0x00000000f1d00000,0x00000000f1d00000,0x00000000f8e80000)
 ParOldGen       total 553472K, used 382206K [0x00000000c0000000, 0x00000000e1c80000, 0x00000000eab00000)
  object space 553472K, 69% used [0x00000000c0000000,0x00000000d753f9b0,0x00000000e1c80000)
 Metaspace       used 6593K, capacity 7320K, committed 7680K, reserved 1056768K
  class space    used 614K, capacity 656K, committed 768K, reserved 1048576K
Event: 8.905 GC heap after
Heap after GC invocations=28 (full 3):
 PSYoungGen      total 153600K, used 36834K [0x00000000eab00000, 0x00000000ffc00000, 0x0000000100000000)
  eden space 116736K, 0% used [0x00000000eab00000,0x00000000eab00000,0x00000000f1d00000)
  from space 36864K, 99% used [0x00000000f1d00000,0x00000000f40f8be0,0x00000000f4100000)
  to   space 114176K, 0% used [0x00000000f8c80000,0x00000000f8c80000,0x00000000ffc00000)
 ParOldGen       total 553472K, used 407125K [0x00000000c0000000, 0x00000000e1c80000, 0x00000000eab00000)
  object space 553472K, 73% used [0x00000000c0000000,0x00000000d8d957e8,0x00000000e1c80000)
 Metaspace       used 6593K, capacity 7320K, committed 7680K, reserved 1056768K
  class space    used 614K, capacity 656K, committed 768K, reserved 1048576K
}
Event: 9.688 GC heap before
{Heap before GC invocations=29 (full 3):
 PSYoungGen      total 153600K, used 153570K [0x00000000eab00000, 0x00000000ffc00000, 0x0000000100000000)
  eden space 116736K, 100% used [0x00000000eab00000,0x00000000f1d00000,0x00000000f1d00000)
  from space 36864K, 99% used [0x00000000f1d00000,0x00000000f40f8be0,0x00000000f4100000)
  to   space 114176K, 0% used [0x00000000f8c80000,0x00000000f8c80000,0x00000000ffc00000)
 ParOldGen       total 553472K, used 407125K [0x00000000c0000000, 0x00000000e1c80000, 0x00000000eab00000)
  object space 553472K, 73% used [0x00000000c0000000,0x00000000d8d957e8,0x00000000e1c80000)
 Metaspace       used 6593K, capacity 7320K, committed 7680K, reserved 1056768K
  class space    used 614K, capacity 656K, committed 768K, reserved 1048576K
Event: 9.724 GC heap after
Heap after GC invocations=29 (full 3):
 PSYoungGen      total 228864K, used 81504K [0x00000000eab00000, 0x0000000100000000, 0x0000000100000000)
  eden space 114688K, 0% used [0x00000000eab00000,0x00000000eab00000,0x00000000f1b00000)
  from space 114176K, 71% used [0x00000000f8c80000,0x00000000fdc183c0,0x00000000ffc00000)
  to   space 116224K, 0% used [0x00000000f1b00000,0x00000000f1b00000,0x00000000f8c80000)
 ParOldGen       total 553472K, used 407125K [0x00000000c0000000, 0x00000000e1c80000, 0x00000000eab00000)
  object space 553472K, 73% used [0x00000000c0000000,0x00000000d8d957e8,0x00000000e1c80000)
 Metaspace       used 6593K, capacity 7320K, committed 7680K, reserved 1056768K
  class space    used 614K, capacity 656K, committed 768K, reserved 1048576K
}
Event: 9.878 GC heap before
{Heap before GC invocations=30 (full 3):
 PSYoungGen      total 228864K, used 196192K [0x00000000eab00000, 0x0000000100000000, 0x0000000100000000)
  eden space 114688K, 100% used [0x00000000eab00000,0x00000000f1b00000,0x00000000f1b00000)
  from space 114176K, 71% used [0x00000000f8c80000,0x00000000fdc183c0,0x00000000ffc00000)
  to   space 116224K, 0% used [0x00000000f1b00000,0x00000000f1b00000,0x00000000f8c80000)
 ParOldGen       total 553472K, used 407125K [0x00000000c0000000, 0x00000000e1c80000, 0x00000000eab00000)
  object space 553472K, 73% used [0x00000000c0000000,0x00000000d8d957e8,0x00000000e1c80000)
 Metaspace       used 6593K, capacity 7320K, committed 7680K, reserved 1056768K
  class space    used 614K, capacity 656K, committed 768K, reserved 1048576K
Event: 9.937 GC heap after
Heap after GC invocations=30 (full 3):
 PSYoungGen      total 230912K, used 54498K [0x00000000eab00000, 0x00000000ffb00000, 0x0000000100000000)
  eden space 114688K, 0% used [0x00000000eab00000,0x00000000eab00000,0x00000000f1b00000)
  from space 116224K, 46% used [0x00000000f1b00000,0x00000000f5038b58,0x00000000f8c80000)
  to   space 112640K, 0% used [0x00000000f8d00000,0x00000000f8d00000,0x00000000ffb00000)
 ParOldGen       total 553472K, used 440021K [0x00000000c0000000, 0x00000000e1c80000, 0x00000000eab00000)
  object space 553472K, 79% used [0x00000000c0000000,0x00000000dadb5780,0x00000000e1c80000)
 Metaspace       used 6593K, capacity 7320K, committed 7680K, reserved 1056768K
  class space    used 614K, capacity 656K, committed 768K, reserved 1048576K
}
Event: 10.158 GC heap before
{Heap before GC invocations=31 (full 3):
 PSYoungGen      total 230912K, used 169186K [0x00000000eab00000, 0x00000000ffb00000, 0x0000000100000000)
  eden space 114688K, 100% used [0x00000000eab00000,0x00000000f1b00000,0x00000000f1b00000)
  from space 116224K, 46% used [0x00000000f1b00000,0x00000000f5038b58,0x00000000f8c80000)
  to   space 112640K, 0% used [0x00000000f8d00000,0x00000000f8d00000,0x00000000ffb00000)
 ParOldGen       total 553472K, used 440021K [0x00000000c0000000, 0x00000000e1c80000, 0x00000000eab00000)
  object space 553472K, 79% used [0x00000000c0000000,0x00000000dadb5780,0x00000000e1c80000)
 Metaspace       used 6594K, capacity 7320K, committed 7680K, reserved 1056768K
  class space    used 615K, capacity 656K, committed 768K, reserved 1048576K
Event: 10.197 GC heap after
Heap after GC invocations=31 (full 3):
 PSYoungGen      total 228352K, used 39269K [0x00000000eab00000, 0x00000000ff680000, 0x0000000100000000)
  eden space 120320K, 0% used [0x00000000eab00000,0x00000000eab00000,0x00000000f2080000)
  from space 108032K, 36% used [0x00000000f8d00000,0x00000000fb359568,0x00000000ff680000)
  to   space 109568K, 0% used [0x00000000f2080000,0x00000000f2080000,0x00000000f8b80000)
 ParOldGen       total 553472K, used 440021K [0x00000000c0000000, 0x00000000e1c80000, 0x00000000eab00000)
  object space 553472K, 79% used [0x00000000c0000000,0x00000000dadb5780,0x00000000e1c80000)
 Metaspace       used 6594K, capacity 7320K, committed 7680K, reserved 1056768K
  class space    used 615K, capacity 656K, committed 768K, reserved 1048576K
}

